timestamp,status_code,response_time,size_bytes,url
Day 1: Simulating realistic traffic patterns
2025-08-10 22:29:32,404,0.047909,19,https://cdn.sohryuu.me/videos/video_1.mp4
2025-08-10 22:29:33,200,0.303110,3380,https://web-server-577176926733.us-central1.run.app/videos/archived
2025-08-10 22:29:33,200,0.321390,9345,https://web-server-577176926733.us-central1.run.app/videos/documentaries
2025-08-10 22:29:34,404,0.048151,19,https://cdn.sohryuu.me/videos/video_5.mp4
2025-08-10 22:29:35,404,0.283522,19,https://cdn.sohryuu.me/images/image_62.jpg
2025-08-10 22:29:35,404,0.043758,19,https://cdn.sohryuu.me/videos/video_2.mp4
2025-08-10 22:29:36,404,0.040091,19,https://cdn.sohryuu.me/images/image_4.jpg
2025-08-10 22:29:36,404,0.032121,19,https://cdn.sohryuu.me/images/image_40.jpg
2025-08-10 22:29:36,404,0.278946,19,https://cdn.sohryuu.me/videos/video_4.mp4
2025-08-10 22:29:37,200,0.333955,6698,https://web-server-577176926733.us-central1.run.app/images/popular
2025-08-10 22:29:38,404,0.057318,19,https://cdn.sohryuu.me/images/image_1.jpg
2025-08-10 22:29:38,404,0.052982,19,https://cdn.sohryuu.me/videos/video_55.mp4
2025-08-10 22:29:39,404,0.032361,19,https://cdn.sohryuu.me/videos/video_9.mp4
2025-08-10 22:29:40,200,0.319175,3380,https://web-server-577176926733.us-central1.run.app/videos/archived
2025-08-10 22:29:40,200,0.331720,9345,https://web-server-577176926733.us-central1.run.app/videos/documentaries
2025-08-10 22:29:41,200,0.355969,13443,https://web-server-577176926733.us-central1.run.app/videos/tutorials
2025-08-10 22:29:42,200,0.360596,13443,https://web-server-577176926733.us-central1.run.app/videos/tutorials
2025-08-10 22:29:43,404,0.278187,19,https://cdn.sohryuu.me/videos/video_3.mp4
2025-08-10 22:29:44,404,0.300221,19,https://cdn.sohryuu.me/images/image_10.jpg
2025-08-10 22:29:45,404,0.331646,19,https://cdn.sohryuu.me/videos/video_63.mp4
2025-08-10 22:29:46,200,0.330082,13443,https://web-server-577176926733.us-central1.run.app/videos/tutorials
2025-08-10 22:29:48,404,0.061365,19,https://cdn.sohryuu.me/videos/video_1.mp4
2025-08-10 22:29:48,404,0.038903,19,https://cdn.sohryuu.me/images/image_1.jpg
2025-08-10 22:29:48,404,0.326596,19,https://cdn.sohryuu.me/videos/video_41.mp4
2025-08-10 22:29:49,200,0.325883,13443,https://web-server-577176926733.us-central1.run.app/videos/tutorials
2025-08-10 22:29:50,200,0.333155,13443,https://web-server-577176926733.us-central1.run.app/videos/tutorials
2025-08-10 22:29:52,404,0.298280,19,https://cdn.sohryuu.me/images/image_75.jpg
2025-08-10 22:29:53,404,0.279960,19,https://cdn.sohryuu.me/videos/video_10.mp4
2025-08-10 22:29:54,404,0.037035,19,https://cdn.sohryuu.me/videos/video_41.mp4
2025-08-10 22:29:54,404,0.302032,19,https://cdn.sohryuu.me/videos/video_2.mp4
2025-08-10 22:29:55,404,0.281617,19,https://cdn.sohryuu.me/videos/video_79.mp4
2025-08-10 22:29:56,404,0.035054,19,https://cdn.sohryuu.me/images/image_1.jpg
2025-08-10 22:29:57,404,0.339333,19,https://cdn.sohryuu.me/videos/video_28.mp4
2025-08-10 22:29:58,200,0.357875,13443,https://web-server-577176926733.us-central1.run.app/videos/tutorials
2025-08-10 22:29:59,404,0.358324,19,https://cdn.sohryuu.me/images/image_85.jpg
2025-08-10 22:30:00,404,0.043921,19,https://cdn.sohryuu.me/videos/video_1.mp4
2025-08-10 22:30:00,404,0.301137,19,https://cdn.sohryuu.me/videos/video_17.mp4
2025-08-10 22:30:01,200,0.330702,15488,https://web-server-577176926733.us-central1.run.app/images/general
2025-08-10 22:30:01,200,0.337857,4393,https://web-server-577176926733.us-central1.run.app/images/trending
2025-08-10 22:30:02,404,0.034343,19,https://cdn.sohryuu.me/videos/video_3.mp4
2025-08-10 22:30:02,200,0.335003,4393,https://web-server-577176926733.us-central1.run.app/images/trending
2025-08-10 22:30:03,200,0.303903,9345,https://web-server-577176926733.us-central1.run.app/videos/documentaries
2025-08-10 22:30:03,404,0.046413,19,https://cdn.sohryuu.me/videos/video_2.mp4
2025-08-10 22:30:04,200,0.310207,4393,https://web-server-577176926733.us-central1.run.app/images/trending
2025-08-10 22:30:04,404,0.045981,19,https://cdn.sohryuu.me/videos/video_1.mp4
2025-08-10 22:30:05,404,0.284113,19,https://cdn.sohryuu.me/images/image_1.jpg
2025-08-10 22:30:05,404,0.311477,19,https://cdn.sohryuu.me/videos/video_30.mp4
2025-08-10 22:30:06,404,0.042720,19,https://cdn.sohryuu.me/videos/video_3.mp4
2025-08-10 22:30:06,200,0.306277,4393,https://web-server-577176926733.us-central1.run.app/images/trending
2025-08-10 22:30:07,200,0.329627,13443,https://web-server-577176926733.us-central1.run.app/videos/tutorials
2025-08-10 22:30:08,200,0.441269,13443,https://web-server-577176926733.us-central1.run.app/videos/tutorials
2025-08-10 22:30:09,404,0.340192,19,https://cdn.sohryuu.me/images/image_98.jpg
2025-08-10 22:30:10,404,0.048548,19,https://cdn.sohryuu.me/videos/video_5.mp4
2025-08-10 22:30:12,404,0.040218,19,https://cdn.sohryuu.me/images/image_61.jpg
2025-08-10 22:30:12,404,0.292272,19,https://cdn.sohryuu.me/images/image_86.jpg
2025-08-10 22:30:13,404,0.035468,19,https://cdn.sohryuu.me/videos/video_15.mp4
2025-08-10 22:30:14,404,0.339459,19,https://cdn.sohryuu.me/images/image_35.jpg
2025-08-10 22:30:14,404,0.035009,19,https://cdn.sohryuu.me/images/image_14.jpg
2025-08-10 22:30:16,404,0.035532,19,https://cdn.sohryuu.me/videos/video_1.mp4
2025-08-10 22:30:16,404,0.041363,19,https://cdn.sohryuu.me/videos/video_10.mp4
2025-08-10 22:30:17,404,0.307859,19,https://cdn.sohryuu.me/videos/video_24.mp4
2025-08-10 22:30:18,404,0.385169,19,https://cdn.sohryuu.me/images/image_7.jpg
2025-08-10 22:30:19,200,0.306631,3380,https://web-server-577176926733.us-central1.run.app/videos/archived
2025-08-10 22:30:19,404,0.309333,19,https://cdn.sohryuu.me/videos/video_11.mp4
2025-08-10 22:30:20,404,0.035919,19,https://cdn.sohryuu.me/images/image_3.jpg
2025-08-10 22:30:20,200,0.324590,6698,https://web-server-577176926733.us-central1.run.app/images/popular
2025-08-10 22:30:21,404,0.031204,19,https://cdn.sohryuu.me/videos/video_15.mp4
2025-08-10 22:30:21,404,0.039801,19,https://cdn.sohryuu.me/images/image_23.jpg
2025-08-10 22:30:21,200,0.311436,4393,https://web-server-577176926733.us-central1.run.app/images/trending
2025-08-10 22:30:22,404,0.031407,19,https://cdn.sohryuu.me/videos/video_4.mp4
2025-08-10 22:30:23,404,0.292846,19,https://cdn.sohryuu.me/images/image_15.jpg
2025-08-10 22:30:24,200,0.307652,13443,https://web-server-577176926733.us-central1.run.app/videos/tutorials
2025-08-10 22:30:25,404,0.041633,19,https://cdn.sohryuu.me/videos/video_1.mp4
2025-08-10 22:30:25,404,0.035394,19,https://cdn.sohryuu.me/videos/video_14.mp4
2025-08-10 22:30:25,200,0.305084,4393,https://web-server-577176926733.us-central1.run.app/images/trending
2025-08-10 22:30:26,404,0.303734,19,https://cdn.sohryuu.me/videos/video_6.mp4
2025-08-10 22:30:27,404,0.316563,19,https://cdn.sohryuu.me/videos/video_8.mp4
2025-08-10 22:30:28,404,0.035200,19,https://cdn.sohryuu.me/images/image_2.jpg
2025-08-10 22:30:28,404,0.063882,19,https://cdn.sohryuu.me/images/image_7.jpg
2025-08-10 22:30:29,404,0.030753,19,https://cdn.sohryuu.me/videos/video_14.mp4
2025-08-10 22:30:29,200,0.321846,4393,https://web-server-577176926733.us-central1.run.app/images/trending
2025-08-10 22:30:30,404,0.045263,19,https://cdn.sohryuu.me/videos/video_5.mp4
2025-08-10 22:30:31,404,0.048975,19,https://cdn.sohryuu.me/images/image_43.jpg
2025-08-10 22:30:32,404,0.046423,19,https://cdn.sohryuu.me/videos/video_55.mp4
2025-08-10 22:30:32,404,0.048222,19,https://cdn.sohryuu.me/images/image_1.jpg
2025-08-10 22:30:33,404,0.059587,19,https://cdn.sohryuu.me/images/image_2.jpg
2025-08-10 22:30:33,200,0.320244,4393,https://web-server-577176926733.us-central1.run.app/images/trending
2025-08-10 22:30:34,200,0.332412,13443,https://web-server-577176926733.us-central1.run.app/videos/tutorials
2025-08-10 22:30:34,404,0.040812,19,https://cdn.sohryuu.me/videos/video_1.mp4
2025-08-10 22:30:35,404,0.280689,19,https://cdn.sohryuu.me/videos/video_16.mp4
2025-08-10 22:30:36,200,0.324820,15488,https://web-server-577176926733.us-central1.run.app/images/general
2025-08-10 22:30:36,200,0.317616,4393,https://web-server-577176926733.us-central1.run.app/images/trending
2025-08-10 22:30:37,200,0.294072,13443,https://web-server-577176926733.us-central1.run.app/videos/tutorials
2025-08-10 22:30:38,200,0.329198,6629,https://web-server-577176926733.us-central1.run.app/images/rare
2025-08-10 22:30:39,200,0.335317,6698,https://web-server-577176926733.us-central1.run.app/images/popular
2025-08-10 22:30:39,404,0.035028,19,https://cdn.sohryuu.me/images/image_2.jpg
2025-08-10 22:30:40,404,0.294425,19,https://cdn.sohryuu.me/images/image_8.jpg
2025-08-10 22:30:40,404,0.042868,19,https://cdn.sohryuu.me/videos/video_10.mp4
2025-08-10 22:30:41,404,0.043458,19,https://cdn.sohryuu.me/images/image_1.jpg
2025-08-10 22:30:41,404,0.291679,19,https://cdn.sohryuu.me/videos/video_49.mp4
Day 1 completed: 100 requests generated
Day 2: Simulating realistic traffic patterns
2025-08-10 22:30:45,404,0.347089,19,https://cdn.sohryuu.me/images/image_2.jpg
2025-08-10 22:30:45,404,0.295373,19,https://cdn.sohryuu.me/images/image_12.jpg
2025-08-10 22:30:46,404,0.286280,19,https://cdn.sohryuu.me/images/image_18.jpg
2025-08-10 22:30:47,404,0.290384,19,https://cdn.sohryuu.me/videos/video_7.mp4
2025-08-10 22:30:48,200,0.333943,13443,https://web-server-577176926733.us-central1.run.app/videos/tutorials
2025-08-10 22:30:48,404,0.285921,19,https://cdn.sohryuu.me/images/image_70.jpg
2025-08-10 22:30:49,200,0.367043,6698,https://web-server-577176926733.us-central1.run.app/images/popular
2025-08-10 22:30:50,404,0.291216,19,https://cdn.sohryuu.me/images/image_3.jpg
2025-08-10 22:30:50,200,0.315033,4393,https://web-server-577176926733.us-central1.run.app/images/trending
2025-08-10 22:30:51,200,0.319255,9345,https://web-server-577176926733.us-central1.run.app/videos/documentaries
2025-08-10 22:30:51,404,0.036457,19,https://cdn.sohryuu.me/videos/video_2.mp4
2025-08-10 22:30:52,404,1.420708,19,https://cdn.sohryuu.me/images/image_4.jpg
2025-08-10 22:30:53,200,0.337812,15488,https://web-server-577176926733.us-central1.run.app/images/general
2025-08-10 22:30:54,200,0.313131,6698,https://web-server-577176926733.us-central1.run.app/images/popular
2025-08-10 22:30:55,404,0.041266,19,https://cdn.sohryuu.me/videos/video_16.mp4
2025-08-10 22:30:56,200,0.349522,15488,https://web-server-577176926733.us-central1.run.app/images/general
2025-08-10 22:30:56,200,0.293673,4393,https://web-server-577176926733.us-central1.run.app/images/trending
2025-08-10 22:30:57,200,0.329739,13443,https://web-server-577176926733.us-central1.run.app/videos/tutorials
2025-08-10 22:30:58,200,0.328896,15488,https://web-server-577176926733.us-central1.run.app/images/general
2025-08-10 22:30:59,200,0.305821,4393,https://web-server-577176926733.us-central1.run.app/images/trending
2025-08-10 22:31:00,404,0.035000,19,https://cdn.sohryuu.me/videos/video_4.mp4
2025-08-10 22:31:00,404,0.292396,19,https://cdn.sohryuu.me/images/image_24.jpg
2025-08-10 22:31:00,404,0.310296,19,https://cdn.sohryuu.me/images/image_19.jpg
2025-08-10 22:31:01,404,0.045960,19,https://cdn.sohryuu.me/images/image_1.jpg
2025-08-10 22:31:02,404,0.299594,19,https://cdn.sohryuu.me/videos/video_27.mp4
2025-08-10 22:31:03,200,0.339600,13443,https://web-server-577176926733.us-central1.run.app/videos/tutorials
2025-08-10 22:31:04,200,0.321955,6629,https://web-server-577176926733.us-central1.run.app/images/rare
2025-08-10 22:31:05,200,0.305937,6698,https://web-server-577176926733.us-central1.run.app/images/popular
2025-08-10 22:31:06,404,0.045624,19,https://cdn.sohryuu.me/images/image_1.jpg
2025-08-10 22:31:06,404,1.376331,19,https://cdn.sohryuu.me/videos/video_46.mp4
2025-08-10 22:31:08,200,0.308652,6698,https://web-server-577176926733.us-central1.run.app/images/popular
2025-08-10 22:31:08,404,0.042576,19,https://cdn.sohryuu.me/images/image_2.jpg
2025-08-10 22:31:09,200,0.318760,4393,https://web-server-577176926733.us-central1.run.app/images/trending
2025-08-10 22:31:09,404,0.038625,19,https://cdn.sohryuu.me/videos/video_4.mp4
2025-08-10 22:31:10,200,0.318112,9345,https://web-server-577176926733.us-central1.run.app/videos/documentaries
2025-08-10 22:31:10,404,0.033749,19,https://cdn.sohryuu.me/videos/video_3.mp4
2025-08-10 22:31:10,200,0.314805,6698,https://web-server-577176926733.us-central1.run.app/images/popular
2025-08-10 22:31:11,404,0.302697,19,https://cdn.sohryuu.me/videos/video_19.mp4
2025-08-10 22:31:12,404,0.035619,19,https://cdn.sohryuu.me/videos/video_4.mp4
2025-08-10 22:31:13,404,0.032992,19,https://cdn.sohryuu.me/videos/video_10.mp4
2025-08-10 22:31:13,404,0.333481,19,https://cdn.sohryuu.me/videos/video_42.mp4
2025-08-10 22:31:14,200,0.309599,9345,https://web-server-577176926733.us-central1.run.app/videos/documentaries
2025-08-10 22:31:15,404,0.038388,19,https://cdn.sohryuu.me/videos/video_7.mp4
2025-08-10 22:31:15,200,0.325250,13443,https://web-server-577176926733.us-central1.run.app/videos/tutorials
2025-08-10 22:31:16,200,0.329388,13443,https://web-server-577176926733.us-central1.run.app/videos/tutorials
2025-08-10 22:31:18,404,0.315779,19,https://cdn.sohryuu.me/images/image_53.jpg
2025-08-10 22:31:18,404,0.050160,19,https://cdn.sohryuu.me/videos/video_19.mp4
2025-08-10 22:31:19,404,0.041137,19,https://cdn.sohryuu.me/videos/video_4.mp4
2025-08-10 22:31:19,404,0.282607,19,https://cdn.sohryuu.me/images/image_37.jpg
2025-08-10 22:31:21,200,0.349767,13443,https://web-server-577176926733.us-central1.run.app/videos/tutorials
2025-08-10 22:31:21,404,0.302015,19,https://cdn.sohryuu.me/images/image_66.jpg
2025-08-10 22:31:22,404,0.048704,19,https://cdn.sohryuu.me/images/image_2.jpg
2025-08-10 22:31:22,404,0.038276,19,https://cdn.sohryuu.me/images/image_4.jpg
2025-08-10 22:31:24,404,0.301429,19,https://cdn.sohryuu.me/videos/video_1.mp4
2025-08-10 22:31:24,404,0.055816,19,https://cdn.sohryuu.me/images/image_7.jpg
2025-08-10 22:31:25,404,0.319769,19,https://cdn.sohryuu.me/videos/video_5.mp4
2025-08-10 22:31:27,404,0.298154,19,https://cdn.sohryuu.me/images/image_67.jpg
2025-08-10 22:31:28,404,0.309355,19,https://cdn.sohryuu.me/videos/video_92.mp4
2025-08-10 22:31:28,404,0.290797,19,https://cdn.sohryuu.me/videos/video_54.mp4
2025-08-10 22:31:29,200,0.328908,13443,https://web-server-577176926733.us-central1.run.app/videos/tutorials
2025-08-10 22:31:30,200,0.318764,13443,https://web-server-577176926733.us-central1.run.app/videos/tutorials
2025-08-10 22:31:31,404,0.036578,19,https://cdn.sohryuu.me/videos/video_1.mp4
2025-08-10 22:31:31,404,0.039849,19,https://cdn.sohryuu.me/images/image_1.jpg
2025-08-10 22:31:32,404,0.030975,19,https://cdn.sohryuu.me/images/image_1.jpg
2025-08-10 22:31:32,404,0.300592,19,https://cdn.sohryuu.me/videos/video_45.mp4
2025-08-10 22:31:33,404,0.306209,19,https://cdn.sohryuu.me/videos/video_47.mp4
2025-08-10 22:31:33,404,0.305912,19,https://cdn.sohryuu.me/images/image_5.jpg
2025-08-10 22:31:35,404,0.039118,19,https://cdn.sohryuu.me/videos/video_4.mp4
2025-08-10 22:31:35,200,0.328234,4393,https://web-server-577176926733.us-central1.run.app/images/trending
2025-08-10 22:31:35,404,0.288654,19,https://cdn.sohryuu.me/videos/video_9.mp4
2025-08-10 22:31:36,404,0.045559,19,https://cdn.sohryuu.me/images/image_1.jpg
2025-08-10 22:31:36,404,0.287744,19,https://cdn.sohryuu.me/videos/video_43.mp4
2025-08-10 22:31:37,200,0.351347,9345,https://web-server-577176926733.us-central1.run.app/videos/documentaries
2025-08-10 22:31:38,404,0.298085,19,https://cdn.sohryuu.me/videos/video_4.mp4
2025-08-10 22:31:38,200,0.308828,6698,https://web-server-577176926733.us-central1.run.app/images/popular
2025-08-10 22:31:39,404,0.279657,19,https://cdn.sohryuu.me/videos/video_29.mp4
2025-08-10 22:31:40,200,0.297697,13443,https://web-server-577176926733.us-central1.run.app/videos/tutorials
2025-08-10 22:31:41,404,0.037673,19,https://cdn.sohryuu.me/videos/video_1.mp4
2025-08-10 22:31:42,404,0.296455,19,https://cdn.sohryuu.me/videos/video_20.mp4
2025-08-10 22:31:43,404,0.297109,19,https://cdn.sohryuu.me/videos/video_22.mp4
2025-08-10 22:31:44,404,0.301663,19,https://cdn.sohryuu.me/videos/video_40.mp4
2025-08-10 22:31:44,404,0.040612,19,https://cdn.sohryuu.me/videos/video_1.mp4
2025-08-10 22:31:45,404,0.040973,19,https://cdn.sohryuu.me/videos/video_17.mp4
2025-08-10 22:31:46,404,0.032111,19,https://cdn.sohryuu.me/videos/video_2.mp4
2025-08-10 22:31:46,404,0.293494,19,https://cdn.sohryuu.me/images/image_9.jpg
2025-08-10 22:31:47,200,0.344320,4393,https://web-server-577176926733.us-central1.run.app/images/trending
2025-08-10 22:31:47,200,0.312866,13443,https://web-server-577176926733.us-central1.run.app/videos/tutorials
2025-08-10 22:31:48,200,0.334514,15488,https://web-server-577176926733.us-central1.run.app/images/general
2025-08-10 22:31:49,404,0.047518,19,https://cdn.sohryuu.me/images/image_8.jpg
2025-08-10 22:31:49,404,0.048063,19,https://cdn.sohryuu.me/images/image_1.jpg
2025-08-10 22:31:50,404,0.319329,19,https://cdn.sohryuu.me/videos/video_23.mp4
2025-08-10 22:31:50,404,0.029717,19,https://cdn.sohryuu.me/images/image_7.jpg
2025-08-10 22:31:51,404,0.047530,19,https://cdn.sohryuu.me/videos/video_5.mp4
2025-08-10 22:31:52,200,0.352660,15488,https://web-server-577176926733.us-central1.run.app/images/general
2025-08-10 22:31:53,404,0.314676,19,https://cdn.sohryuu.me/images/image_6.jpg
2025-08-10 22:31:53,404,0.040952,19,https://cdn.sohryuu.me/videos/video_2.mp4
2025-08-10 22:31:54,404,0.041331,19,https://cdn.sohryuu.me/images/image_4.jpg
2025-08-10 22:31:55,200,0.326568,15488,https://web-server-577176926733.us-central1.run.app/images/general
2025-08-10 22:31:55,200,0.338431,4393,https://web-server-577176926733.us-central1.run.app/images/trending
2025-08-10 22:31:56,404,0.289701,19,https://cdn.sohryuu.me/videos/video_3.mp4
Day 2 completed: 100 requests generated
Day 3: Simulating realistic traffic patterns
2025-08-10 22:31:59,200,0.318035,13443,https://web-server-577176926733.us-central1.run.app/videos/tutorials
2025-08-10 22:32:01,404,0.040015,19,https://cdn.sohryuu.me/videos/video_1.mp4
2025-08-10 22:32:01,404,0.027588,19,https://cdn.sohryuu.me/videos/video_20.mp4
2025-08-10 22:32:02,404,0.041743,19,https://cdn.sohryuu.me/images/image_1.jpg
2025-08-10 22:32:02,404,0.048703,19,https://cdn.sohryuu.me/videos/video_27.mp4
2025-08-10 22:32:04,404,0.299273,19,https://cdn.sohryuu.me/images/image_44.jpg
2025-08-10 22:32:04,404,0.040955,19,https://cdn.sohryuu.me/images/image_4.jpg
2025-08-10 22:32:05,200,0.329788,6698,https://web-server-577176926733.us-central1.run.app/images/popular
2025-08-10 22:32:05,404,0.049695,19,https://cdn.sohryuu.me/images/image_2.jpg
2025-08-10 22:32:06,404,0.064297,19,https://cdn.sohryuu.me/images/image_7.jpg
2025-08-10 22:32:06,200,0.312047,9345,https://web-server-577176926733.us-central1.run.app/videos/documentaries
2025-08-10 22:32:07,200,0.344740,13443,https://web-server-577176926733.us-central1.run.app/videos/tutorials
2025-08-10 22:32:08,200,0.319046,13443,https://web-server-577176926733.us-central1.run.app/videos/tutorials
2025-08-10 22:32:10,404,0.291349,19,https://cdn.sohryuu.me/images/image_58.jpg
2025-08-10 22:32:10,200,0.311589,6698,https://web-server-577176926733.us-central1.run.app/images/popular
2025-08-10 22:32:11,404,0.038128,19,https://cdn.sohryuu.me/videos/video_27.mp4
2025-08-10 22:32:12,200,0.338054,15488,https://web-server-577176926733.us-central1.run.app/images/general
2025-08-10 22:32:13,404,0.059043,19,https://cdn.sohryuu.me/images/image_15.jpg
2025-08-10 22:32:13,404,0.280230,19,https://cdn.sohryuu.me/images/image_83.jpg
2025-08-10 22:32:14,404,0.287708,19,https://cdn.sohryuu.me/images/image_48.jpg
2025-08-10 22:32:14,404,0.293947,19,https://cdn.sohryuu.me/images/image_36.jpg
2025-08-10 22:32:17,200,0.291762,6629,https://web-server-577176926733.us-central1.run.app/images/rare
2025-08-10 22:32:18,404,0.299400,19,https://cdn.sohryuu.me/images/image_27.jpg
2025-08-10 22:32:19,404,0.029931,19,https://cdn.sohryuu.me/videos/video_1.mp4
2025-08-10 22:32:20,200,0.337617,6698,https://web-server-577176926733.us-central1.run.app/images/popular
2025-08-10 22:32:20,404,0.039181,19,https://cdn.sohryuu.me/images/image_6.jpg
2025-08-10 22:32:21,200,0.350018,13443,https://web-server-577176926733.us-central1.run.app/videos/tutorials
2025-08-10 22:32:22,404,0.045501,19,https://cdn.sohryuu.me/videos/video_3.mp4
2025-08-10 22:32:22,200,0.328424,4393,https://web-server-577176926733.us-central1.run.app/images/trending
2025-08-10 22:32:23,200,0.313958,13443,https://web-server-577176926733.us-central1.run.app/videos/tutorials
2025-08-10 22:32:24,200,0.312443,6629,https://web-server-577176926733.us-central1.run.app/images/rare
2025-08-10 22:32:25,404,0.033087,19,https://cdn.sohryuu.me/images/image_44.jpg
2025-08-10 22:32:25,404,0.287750,19,https://cdn.sohryuu.me/videos/video_96.mp4
2025-08-10 22:32:25,200,0.344801,6698,https://web-server-577176926733.us-central1.run.app/images/popular
2025-08-10 22:32:26,404,0.048290,19,https://cdn.sohryuu.me/images/image_2.jpg
2025-08-10 22:32:27,200,0.346083,4393,https://web-server-577176926733.us-central1.run.app/images/trending
2025-08-10 22:32:27,404,1.378790,19,https://cdn.sohryuu.me/videos/video_2.mp4
2025-08-10 22:32:29,200,0.296737,4393,https://web-server-577176926733.us-central1.run.app/images/trending
2025-08-10 22:32:30,404,0.048520,19,https://cdn.sohryuu.me/videos/video_4.mp4
2025-08-10 22:32:30,404,0.284497,19,https://cdn.sohryuu.me/images/image_16.jpg
2025-08-10 22:32:31,404,0.044281,19,https://cdn.sohryuu.me/videos/video_2.mp4
2025-08-10 22:32:32,404,1.385457,19,https://cdn.sohryuu.me/videos/video_90.mp4
2025-08-10 22:32:34,404,0.295373,19,https://cdn.sohryuu.me/images/image_1.jpg
2025-08-10 22:32:34,404,0.043826,19,https://cdn.sohryuu.me/videos/video_40.mp4
2025-08-10 22:32:35,200,0.328337,13443,https://web-server-577176926733.us-central1.run.app/videos/tutorials
2025-08-10 22:32:36,200,0.334585,15488,https://web-server-577176926733.us-central1.run.app/images/general
2025-08-10 22:32:36,200,0.346772,4393,https://web-server-577176926733.us-central1.run.app/images/trending
2025-08-10 22:32:37,200,0.330010,13443,https://web-server-577176926733.us-central1.run.app/videos/tutorials
2025-08-10 22:32:38,200,0.318947,13443,https://web-server-577176926733.us-central1.run.app/videos/tutorials
2025-08-10 22:32:39,200,0.324066,15488,https://web-server-577176926733.us-central1.run.app/images/general
2025-08-10 22:32:40,200,0.302413,6698,https://web-server-577176926733.us-central1.run.app/images/popular
2025-08-10 22:32:40,404,0.041887,19,https://cdn.sohryuu.me/images/image_1.jpg
2025-08-10 22:32:40,404,0.293265,19,https://cdn.sohryuu.me/videos/video_63.mp4
2025-08-10 22:32:41,200,0.312274,15488,https://web-server-577176926733.us-central1.run.app/images/general
2025-08-10 22:32:42,200,0.324711,4393,https://web-server-577176926733.us-central1.run.app/images/trending
2025-08-10 22:32:42,404,0.050301,19,https://cdn.sohryuu.me/videos/video_4.mp4
2025-08-10 22:32:43,200,0.312795,6698,https://web-server-577176926733.us-central1.run.app/images/popular
2025-08-10 22:32:43,404,0.048752,19,https://cdn.sohryuu.me/images/image_1.jpg
2025-08-10 22:32:44,404,0.292150,19,https://cdn.sohryuu.me/videos/video_88.mp4
2025-08-10 22:32:45,404,0.033059,19,https://cdn.sohryuu.me/videos/video_4.mp4
2025-08-10 22:32:45,404,0.310705,19,https://cdn.sohryuu.me/images/image_22.jpg
2025-08-10 22:32:46,404,0.306414,19,https://cdn.sohryuu.me/images/image_11.jpg
2025-08-10 22:32:47,200,0.325598,4393,https://web-server-577176926733.us-central1.run.app/images/trending
2025-08-10 22:32:48,404,0.038549,19,https://cdn.sohryuu.me/videos/video_1.mp4
2025-08-10 22:32:48,404,0.335379,19,https://cdn.sohryuu.me/videos/video_35.mp4
2025-08-10 22:32:49,200,0.399430,4393,https://web-server-577176926733.us-central1.run.app/images/trending
2025-08-10 22:32:49,404,0.047642,19,https://cdn.sohryuu.me/videos/video_1.mp4
2025-08-10 22:32:50,404,0.289989,19,https://cdn.sohryuu.me/videos/video_24.mp4
2025-08-10 22:32:50,404,0.071391,19,https://cdn.sohryuu.me/images/image_11.jpg
2025-08-10 22:32:51,200,0.310357,4393,https://web-server-577176926733.us-central1.run.app/images/trending
2025-08-10 22:32:52,404,0.069649,19,https://cdn.sohryuu.me/videos/video_2.mp4
2025-08-10 22:32:52,404,0.035273,19,https://cdn.sohryuu.me/images/image_4.jpg
2025-08-10 22:32:52,404,0.314331,19,https://cdn.sohryuu.me/images/image_42.jpg
2025-08-10 22:32:53,404,0.312653,19,https://cdn.sohryuu.me/videos/video_32.mp4
2025-08-10 22:32:54,404,1.395177,19,https://cdn.sohryuu.me/videos/video_16.mp4
2025-08-10 22:32:57,200,0.355366,13443,https://web-server-577176926733.us-central1.run.app/videos/tutorials
2025-08-10 22:32:58,200,0.328718,15488,https://web-server-577176926733.us-central1.run.app/images/general
2025-08-10 22:32:58,200,0.354344,4393,https://web-server-577176926733.us-central1.run.app/images/trending
2025-08-10 22:32:59,200,0.325494,13443,https://web-server-577176926733.us-central1.run.app/videos/tutorials
2025-08-10 22:33:00,200,0.302395,13443,https://web-server-577176926733.us-central1.run.app/videos/tutorials
2025-08-10 22:33:01,200,0.340681,15488,https://web-server-577176926733.us-central1.run.app/images/general
2025-08-10 22:33:02,200,0.311122,4393,https://web-server-577176926733.us-central1.run.app/images/trending
2025-08-10 22:33:03,404,0.041938,19,https://cdn.sohryuu.me/videos/video_3.mp4
2025-08-10 22:33:03,404,0.332167,19,https://cdn.sohryuu.me/images/image_7.jpg
2025-08-10 22:33:04,200,0.281589,9345,https://web-server-577176926733.us-central1.run.app/videos/documentaries
2025-08-10 22:33:05,404,0.034513,19,https://cdn.sohryuu.me/videos/video_2.mp4
2025-08-10 22:33:05,404,0.357931,19,https://cdn.sohryuu.me/images/image_4.jpg
2025-08-10 22:33:06,404,0.118120,19,https://cdn.sohryuu.me/images/image_58.jpg
2025-08-10 22:33:06,200,0.446864,6698,https://web-server-577176926733.us-central1.run.app/images/popular
2025-08-10 22:33:07,404,0.325604,19,https://cdn.sohryuu.me/videos/video_28.mp4
2025-08-10 22:33:08,404,0.033272,19,https://cdn.sohryuu.me/videos/video_1.mp4
2025-08-10 22:33:08,404,0.334960,19,https://cdn.sohryuu.me/videos/video_15.mp4
2025-08-10 22:33:11,200,0.334443,15488,https://web-server-577176926733.us-central1.run.app/images/general
2025-08-10 22:33:12,200,0.312278,4393,https://web-server-577176926733.us-central1.run.app/images/trending
2025-08-10 22:33:12,404,0.044607,19,https://cdn.sohryuu.me/videos/video_4.mp4
2025-08-10 22:33:13,200,0.327749,6698,https://web-server-577176926733.us-central1.run.app/images/popular
2025-08-10 22:33:14,404,0.044963,19,https://cdn.sohryuu.me/images/image_1.jpg
2025-08-10 22:33:14,404,0.044063,19,https://cdn.sohryuu.me/videos/video_63.mp4
2025-08-10 22:33:15,404,0.040581,19,https://cdn.sohryuu.me/videos/video_1.mp4
2025-08-10 22:33:16,404,0.040497,19,https://cdn.sohryuu.me/videos/video_15.mp4
Day 3 completed: 100 requests generated
Day 4: Simulating realistic traffic patterns
2025-08-10 22:33:19,404,0.041857,19,https://cdn.sohryuu.me/images/image_1.jpg
2025-08-10 22:33:19,404,0.305163,19,https://cdn.sohryuu.me/videos/video_21.mp4
2025-08-10 22:33:20,404,0.324023,19,https://cdn.sohryuu.me/images/image_3.jpg
2025-08-10 22:33:20,200,0.303037,4393,https://web-server-577176926733.us-central1.run.app/images/trending
2025-08-10 22:33:21,200,0.318872,9345,https://web-server-577176926733.us-central1.run.app/videos/documentaries
2025-08-10 22:33:22,404,0.052375,19,https://cdn.sohryuu.me/videos/video_3.mp4
2025-08-10 22:33:22,200,0.301838,4393,https://web-server-577176926733.us-central1.run.app/images/trending
2025-08-10 22:33:22,404,0.049233,19,https://cdn.sohryuu.me/videos/video_3.mp4
2025-08-10 22:33:23,404,0.043963,19,https://cdn.sohryuu.me/images/image_7.jpg
2025-08-10 22:33:23,200,0.348017,9345,https://web-server-577176926733.us-central1.run.app/videos/documentaries
2025-08-10 22:33:24,404,0.034397,19,https://cdn.sohryuu.me/videos/video_4.mp4
2025-08-10 22:33:24,404,0.347076,19,https://cdn.sohryuu.me/images/image_15.jpg
2025-08-10 22:33:25,200,0.307460,15488,https://web-server-577176926733.us-central1.run.app/images/general
2025-08-10 22:33:25,200,0.311505,4393,https://web-server-577176926733.us-central1.run.app/images/trending
2025-08-10 22:33:26,404,0.036416,19,https://cdn.sohryuu.me/videos/video_3.mp4
2025-08-10 22:33:26,200,0.315223,4393,https://web-server-577176926733.us-central1.run.app/images/trending
2025-08-10 22:33:27,404,0.039074,19,https://cdn.sohryuu.me/videos/video_2.mp4
2025-08-10 22:33:27,404,0.318717,19,https://cdn.sohryuu.me/videos/video_89.mp4
2025-08-10 22:33:28,404,0.033527,19,https://cdn.sohryuu.me/images/image_1.jpg
2025-08-10 22:33:28,404,0.296264,19,https://cdn.sohryuu.me/videos/video_66.mp4
2025-08-10 22:33:29,404,0.306251,19,https://cdn.sohryuu.me/videos/video_5.mp4
2025-08-10 22:33:31,404,0.280920,19,https://cdn.sohryuu.me/images/image_98.jpg
2025-08-10 22:33:32,404,0.034229,19,https://cdn.sohryuu.me/videos/video_3.mp4
2025-08-10 22:33:32,200,0.285182,4393,https://web-server-577176926733.us-central1.run.app/images/trending
2025-08-10 22:33:32,404,0.042952,19,https://cdn.sohryuu.me/videos/video_2.mp4
2025-08-10 22:33:33,200,0.401565,4393,https://web-server-577176926733.us-central1.run.app/images/trending
2025-08-10 22:33:33,200,0.309984,6629,https://web-server-577176926733.us-central1.run.app/images/rare
2025-08-10 22:33:34,200,0.295098,6698,https://web-server-577176926733.us-central1.run.app/images/popular
2025-08-10 22:33:35,404,0.032202,19,https://cdn.sohryuu.me/videos/video_21.mp4
2025-08-10 22:33:35,404,0.043169,19,https://cdn.sohryuu.me/images/image_1.jpg
2025-08-10 22:33:36,404,0.041856,19,https://cdn.sohryuu.me/images/image_1.jpg
2025-08-10 22:33:36,404,0.030338,19,https://cdn.sohryuu.me/images/image_3.jpg
2025-08-10 22:33:36,200,0.303400,4393,https://web-server-577176926733.us-central1.run.app/images/trending
2025-08-10 22:33:37,404,0.308893,19,https://cdn.sohryuu.me/videos/video_7.mp4
2025-08-10 22:33:37,404,0.032756,19,https://cdn.sohryuu.me/videos/video_2.mp4
2025-08-10 22:33:38,404,0.312763,19,https://cdn.sohryuu.me/images/image_21.jpg
2025-08-10 22:33:39,404,0.057118,19,https://cdn.sohryuu.me/images/image_3.jpg
2025-08-10 22:33:39,404,0.306746,19,https://cdn.sohryuu.me/images/image_20.jpg
2025-08-10 22:33:40,404,0.312916,19,https://cdn.sohryuu.me/images/image_2.jpg
2025-08-10 22:33:40,404,0.287643,19,https://cdn.sohryuu.me/images/image_5.jpg
2025-08-10 22:33:42,404,0.308609,19,https://cdn.sohryuu.me/videos/video_1.mp4
2025-08-10 22:33:42,404,0.040618,19,https://cdn.sohryuu.me/videos/video_32.mp4
2025-08-10 22:33:43,404,0.281527,19,https://cdn.sohryuu.me/videos/video_43.mp4
2025-08-10 22:33:44,404,0.046878,19,https://cdn.sohryuu.me/images/image_1.jpg
2025-08-10 22:33:44,404,0.045011,19,https://cdn.sohryuu.me/videos/video_21.mp4
2025-08-10 22:33:44,404,0.337208,19,https://cdn.sohryuu.me/videos/video_13.mp4
2025-08-10 22:33:45,200,0.312615,4393,https://web-server-577176926733.us-central1.run.app/images/trending
2025-08-10 22:33:46,404,0.048977,19,https://cdn.sohryuu.me/videos/video_3.mp4
2025-08-10 22:33:46,200,0.342431,4393,https://web-server-577176926733.us-central1.run.app/images/trending
2025-08-10 22:33:47,404,0.340636,19,https://cdn.sohryuu.me/videos/video_4.mp4
2025-08-10 22:33:47,200,0.315468,6698,https://web-server-577176926733.us-central1.run.app/images/popular
2025-08-10 22:33:48,404,0.046779,19,https://cdn.sohryuu.me/images/image_1.jpg
2025-08-10 22:33:48,404,0.302111,19,https://cdn.sohryuu.me/videos/video_37.mp4
2025-08-10 22:33:49,200,0.316340,4393,https://web-server-577176926733.us-central1.run.app/images/trending
2025-08-10 22:33:49,404,0.047901,19,https://cdn.sohryuu.me/videos/video_5.mp4
2025-08-10 22:33:51,404,0.311983,19,https://cdn.sohryuu.me/images/image_95.jpg
2025-08-10 22:33:52,200,0.325890,15488,https://web-server-577176926733.us-central1.run.app/images/general
2025-08-10 22:33:53,404,0.031682,19,https://cdn.sohryuu.me/images/image_6.jpg
2025-08-10 22:33:53,404,0.045814,19,https://cdn.sohryuu.me/videos/video_3.mp4
2025-08-10 22:33:53,200,0.388371,4393,https://web-server-577176926733.us-central1.run.app/images/trending
2025-08-10 22:33:54,404,0.043414,19,https://cdn.sohryuu.me/videos/video_2.mp4
2025-08-10 22:33:55,404,0.286032,19,https://cdn.sohryuu.me/videos/video_94.mp4
2025-08-10 22:33:56,404,0.285226,19,https://cdn.sohryuu.me/images/image_6.jpg
2025-08-10 22:33:56,200,0.323472,13443,https://web-server-577176926733.us-central1.run.app/videos/tutorials
2025-08-10 22:33:57,200,0.323779,15488,https://web-server-577176926733.us-central1.run.app/images/general
2025-08-10 22:33:57,200,0.319272,4393,https://web-server-577176926733.us-central1.run.app/images/trending
2025-08-10 22:33:58,404,0.048190,19,https://cdn.sohryuu.me/videos/video_2.mp4
2025-08-10 22:33:58,404,0.033401,19,https://cdn.sohryuu.me/images/image_2.jpg
2025-08-10 22:33:58,200,0.330027,4393,https://web-server-577176926733.us-central1.run.app/images/trending
2025-08-10 22:33:59,200,0.336984,13443,https://web-server-577176926733.us-central1.run.app/videos/tutorials
2025-08-10 22:34:00,200,0.321880,15488,https://web-server-577176926733.us-central1.run.app/images/general
2025-08-10 22:34:00,200,0.315028,4393,https://web-server-577176926733.us-central1.run.app/images/trending
2025-08-10 22:34:01,200,0.327025,13443,https://web-server-577176926733.us-central1.run.app/videos/tutorials
2025-08-10 22:34:02,200,0.362246,13443,https://web-server-577176926733.us-central1.run.app/videos/tutorials
2025-08-10 22:34:04,404,0.299601,19,https://cdn.sohryuu.me/images/image_59.jpg
2025-08-10 22:34:04,404,0.286862,19,https://cdn.sohryuu.me/images/image_35.jpg
2025-08-10 22:34:05,200,0.311608,6698,https://web-server-577176926733.us-central1.run.app/images/popular
2025-08-10 22:34:06,404,0.050048,19,https://cdn.sohryuu.me/images/image_1.jpg
2025-08-10 22:34:06,404,0.299183,19,https://cdn.sohryuu.me/videos/video_33.mp4
2025-08-10 22:34:07,404,0.303342,19,https://cdn.sohryuu.me/videos/video_46.mp4
2025-08-10 22:34:08,404,0.035549,19,https://cdn.sohryuu.me/images/image_5.jpg
2025-08-10 22:34:09,404,0.042549,19,https://cdn.sohryuu.me/videos/video_1.mp4
2025-08-10 22:34:09,404,0.296229,19,https://cdn.sohryuu.me/videos/video_11.mp4
2025-08-10 22:34:10,404,0.286751,19,https://cdn.sohryuu.me/videos/video_74.mp4
2025-08-10 22:34:11,404,0.303082,19,https://cdn.sohryuu.me/images/image_63.jpg
2025-08-10 22:34:11,200,0.362339,13443,https://web-server-577176926733.us-central1.run.app/videos/tutorials
2025-08-10 22:34:13,404,0.339906,19,https://cdn.sohryuu.me/videos/video_3.mp4
2025-08-10 22:34:13,200,0.316259,4393,https://web-server-577176926733.us-central1.run.app/images/trending
2025-08-10 22:34:14,404,0.029140,19,https://cdn.sohryuu.me/videos/video_2.mp4
2025-08-10 22:34:14,404,0.044557,19,https://cdn.sohryuu.me/images/image_3.jpg
2025-08-10 22:34:15,404,0.322398,19,https://cdn.sohryuu.me/images/image_18.jpg
2025-08-10 22:34:15,200,0.348547,9345,https://web-server-577176926733.us-central1.run.app/videos/documentaries
2025-08-10 22:34:17,404,0.285959,19,https://cdn.sohryuu.me/videos/video_6.mp4
2025-08-10 22:34:18,200,0.344668,15488,https://web-server-577176926733.us-central1.run.app/images/general
2025-08-10 22:34:18,200,0.342076,4393,https://web-server-577176926733.us-central1.run.app/images/trending
2025-08-10 22:34:19,200,0.320297,13443,https://web-server-577176926733.us-central1.run.app/videos/tutorials
2025-08-10 22:34:20,200,0.330440,13443,https://web-server-577176926733.us-central1.run.app/videos/tutorials
2025-08-10 22:34:21,404,0.337064,19,https://cdn.sohryuu.me/images/image_53.jpg
2025-08-10 22:34:22,404,0.042335,19,https://cdn.sohryuu.me/images/image_1.jpg
2025-08-10 22:34:23,404,0.295799,19,https://cdn.sohryuu.me/videos/video_25.mp4
Day 4 completed: 100 requests generated
Day 5: Simulating realistic traffic patterns
2025-08-10 22:34:27,404,0.047360,19,https://cdn.sohryuu.me/videos/video_4.mp4
2025-08-10 22:34:27,200,0.319909,6698,https://web-server-577176926733.us-central1.run.app/images/popular
2025-08-10 22:34:27,404,0.047445,19,https://cdn.sohryuu.me/images/image_1.jpg
2025-08-10 22:34:28,404,0.317969,19,https://cdn.sohryuu.me/videos/video_62.mp4
2025-08-10 22:34:30,404,0.296899,19,https://cdn.sohryuu.me/images/image_69.jpg
2025-08-10 22:34:30,200,0.346447,4393,https://web-server-577176926733.us-central1.run.app/images/trending
2025-08-10 22:34:31,200,0.332751,13443,https://web-server-577176926733.us-central1.run.app/videos/tutorials
2025-08-10 22:34:32,200,0.344515,15488,https://web-server-577176926733.us-central1.run.app/images/general
2025-08-10 22:34:32,200,0.311446,4393,https://web-server-577176926733.us-central1.run.app/images/trending
2025-08-10 22:34:33,200,0.315957,13443,https://web-server-577176926733.us-central1.run.app/videos/tutorials
2025-08-10 22:34:34,404,0.043838,19,https://cdn.sohryuu.me/videos/video_1.mp4
2025-08-10 22:34:35,404,0.037064,19,https://cdn.sohryuu.me/videos/video_13.mp4
2025-08-10 22:34:35,200,0.312130,4393,https://web-server-577176926733.us-central1.run.app/images/trending
2025-08-10 22:34:35,404,0.322189,19,https://cdn.sohryuu.me/videos/video_2.mp4
2025-08-10 22:34:36,404,0.033005,19,https://cdn.sohryuu.me/images/image_3.jpg
2025-08-10 22:34:36,200,0.318359,4393,https://web-server-577176926733.us-central1.run.app/images/trending
2025-08-10 22:34:37,200,0.319314,9345,https://web-server-577176926733.us-central1.run.app/videos/documentaries
2025-08-10 22:34:37,404,0.062409,19,https://cdn.sohryuu.me/videos/video_4.mp4
2025-08-10 22:34:38,404,0.044192,19,https://cdn.sohryuu.me/images/image_22.jpg
2025-08-10 22:34:38,404,0.047106,19,https://cdn.sohryuu.me/images/image_5.jpg
2025-08-10 22:34:39,404,0.038823,19,https://cdn.sohryuu.me/videos/video_1.mp4
2025-08-10 22:34:40,404,0.308345,19,https://cdn.sohryuu.me/videos/video_10.mp4
2025-08-10 22:34:40,404,0.043978,19,https://cdn.sohryuu.me/videos/video_24.mp4
2025-08-10 22:34:41,200,0.311895,4393,https://web-server-577176926733.us-central1.run.app/images/trending
2025-08-10 22:34:41,404,0.043667,19,https://cdn.sohryuu.me/videos/video_1.mp4
2025-08-10 22:34:42,404,0.296318,19,https://cdn.sohryuu.me/videos/video_36.mp4
2025-08-10 22:34:42,200,0.331977,4393,https://web-server-577176926733.us-central1.run.app/images/trending
2025-08-10 22:34:43,404,0.300699,19,https://cdn.sohryuu.me/videos/video_8.mp4
2025-08-10 22:34:44,404,0.040721,19,https://cdn.sohryuu.me/videos/video_2.mp4
2025-08-10 22:34:44,404,0.037415,19,https://cdn.sohryuu.me/images/image_4.jpg
2025-08-10 22:34:44,404,0.039416,19,https://cdn.sohryuu.me/images/image_42.jpg
2025-08-10 22:34:45,404,0.287090,19,https://cdn.sohryuu.me/videos/video_19.mp4
2025-08-10 22:34:46,404,0.056748,19,https://cdn.sohryuu.me/videos/video_7.mp4
2025-08-10 22:34:47,200,0.355219,6629,https://web-server-577176926733.us-central1.run.app/images/rare
2025-08-10 22:34:47,404,0.356059,19,https://cdn.sohryuu.me/images/image_30.jpg
2025-08-10 22:34:48,404,0.360341,19,https://cdn.sohryuu.me/videos/video_47.mp4
2025-08-10 22:34:49,200,0.327137,4393,https://web-server-577176926733.us-central1.run.app/images/trending
2025-08-10 22:34:50,404,0.050012,19,https://cdn.sohryuu.me/videos/video_2.mp4
2025-08-10 22:34:50,404,0.035188,19,https://cdn.sohryuu.me/images/image_5.jpg
2025-08-10 22:34:51,200,0.328203,15488,https://web-server-577176926733.us-central1.run.app/images/general
2025-08-10 22:34:51,200,0.311670,4393,https://web-server-577176926733.us-central1.run.app/images/trending
2025-08-10 22:34:52,404,0.037968,19,https://cdn.sohryuu.me/videos/video_4.mp4
2025-08-10 22:34:52,404,0.298939,19,https://cdn.sohryuu.me/images/image_14.jpg
2025-08-10 22:34:54,404,0.034784,19,https://cdn.sohryuu.me/videos/video_1.mp4
2025-08-10 22:34:54,404,0.066078,19,https://cdn.sohryuu.me/videos/video_10.mp4
2025-08-10 22:34:55,404,0.318343,19,https://cdn.sohryuu.me/images/image_1.jpg
2025-08-10 22:34:55,404,0.316520,19,https://cdn.sohryuu.me/videos/video_30.mp4
2025-08-10 22:34:56,404,0.038443,19,https://cdn.sohryuu.me/videos/video_3.mp4
2025-08-10 22:34:56,200,0.320509,4393,https://web-server-577176926733.us-central1.run.app/images/trending
2025-08-10 22:34:57,200,0.352233,13443,https://web-server-577176926733.us-central1.run.app/videos/tutorials
2025-08-10 22:34:58,200,0.314047,15488,https://web-server-577176926733.us-central1.run.app/images/general
2025-08-10 22:34:58,200,0.331458,4393,https://web-server-577176926733.us-central1.run.app/images/trending
2025-08-10 22:34:59,200,0.336062,13443,https://web-server-577176926733.us-central1.run.app/videos/tutorials
2025-08-10 22:35:00,200,0.318328,15488,https://web-server-577176926733.us-central1.run.app/images/general
2025-08-10 22:35:01,404,0.047068,19,https://cdn.sohryuu.me/images/image_7.jpg
2025-08-10 22:35:01,200,0.324461,13443,https://web-server-577176926733.us-central1.run.app/videos/tutorials
2025-08-10 22:35:02,200,0.338502,13443,https://web-server-577176926733.us-central1.run.app/videos/tutorials
2025-08-10 22:35:04,404,0.298061,19,https://cdn.sohryuu.me/images/image_74.jpg
2025-08-10 22:35:05,404,0.048156,19,https://cdn.sohryuu.me/videos/video_1.mp4
2025-08-10 22:35:05,404,0.049515,19,https://cdn.sohryuu.me/images/image_1.jpg
2025-08-10 22:35:06,404,0.293460,19,https://cdn.sohryuu.me/videos/video_40.mp4
2025-08-10 22:35:07,404,0.042643,19,https://cdn.sohryuu.me/videos/video_1.mp4
2025-08-10 22:35:07,404,0.034371,19,https://cdn.sohryuu.me/videos/video_28.mp4
2025-08-10 22:35:08,404,0.043283,19,https://cdn.sohryuu.me/videos/video_1.mp4
2025-08-10 22:35:08,404,0.284023,19,https://cdn.sohryuu.me/videos/video_9.mp4
2025-08-10 22:35:09,404,0.032024,19,https://cdn.sohryuu.me/videos/video_8.mp4
2025-08-10 22:35:10,404,0.044413,19,https://cdn.sohryuu.me/videos/video_2.mp4
2025-08-10 22:35:10,404,0.280354,19,https://cdn.sohryuu.me/images/image_4.jpg
2025-08-10 22:35:11,404,0.293017,19,https://cdn.sohryuu.me/images/image_40.jpg
2025-08-10 22:35:11,404,0.035359,19,https://cdn.sohryuu.me/videos/video_4.mp4
2025-08-10 22:35:12,200,0.325464,6698,https://web-server-577176926733.us-central1.run.app/images/popular
2025-08-10 22:35:12,404,0.034638,19,https://cdn.sohryuu.me/images/image_2.jpg
2025-08-10 22:35:13,200,0.331353,4393,https://web-server-577176926733.us-central1.run.app/images/trending
2025-08-10 22:35:13,404,0.050276,19,https://cdn.sohryuu.me/videos/video_2.mp4
2025-08-10 22:35:14,200,0.325866,4393,https://web-server-577176926733.us-central1.run.app/images/trending
2025-08-10 22:35:14,404,0.043297,19,https://cdn.sohryuu.me/videos/video_1.mp4
2025-08-10 22:35:15,404,0.306632,19,https://cdn.sohryuu.me/videos/video_14.mp4
2025-08-10 22:35:15,404,0.054266,19,https://cdn.sohryuu.me/images/image_21.jpg
2025-08-10 22:35:16,404,0.285641,19,https://cdn.sohryuu.me/videos/video_70.mp4
2025-08-10 22:35:16,404,0.048394,19,https://cdn.sohryuu.me/images/image_5.jpg
2025-08-10 22:35:17,404,0.036527,19,https://cdn.sohryuu.me/videos/video_1.mp4
2025-08-10 22:35:18,404,0.298098,19,https://cdn.sohryuu.me/videos/video_16.mp4
2025-08-10 22:35:20,404,0.339992,19,https://cdn.sohryuu.me/images/image_87.jpg
2025-08-10 22:35:21,404,0.055758,19,https://cdn.sohryuu.me/videos/video_6.mp4
2025-08-10 22:35:21,404,0.027724,19,https://cdn.sohryuu.me/videos/video_1.mp4
2025-08-10 22:35:21,404,0.296287,19,https://cdn.sohryuu.me/videos/video_15.mp4
2025-08-10 22:35:22,404,0.282847,19,https://cdn.sohryuu.me/images/image_52.jpg
2025-08-10 22:35:23,404,0.044179,19,https://cdn.sohryuu.me/videos/video_4.mp4
2025-08-10 22:35:23,200,0.354567,6698,https://web-server-577176926733.us-central1.run.app/images/popular
2025-08-10 22:35:24,404,0.044903,19,https://cdn.sohryuu.me/images/image_1.jpg
2025-08-10 22:35:24,404,0.280881,19,https://cdn.sohryuu.me/videos/video_57.mp4
2025-08-10 22:35:25,404,0.299564,19,https://cdn.sohryuu.me/videos/video_45.mp4
2025-08-10 22:35:26,404,0.298811,19,https://cdn.sohryuu.me/videos/video_28.mp4
2025-08-10 22:35:26,404,0.053183,19,https://cdn.sohryuu.me/videos/video_1.mp4
2025-08-10 22:35:27,404,0.040843,19,https://cdn.sohryuu.me/videos/video_1.mp4
2025-08-10 22:35:28,404,0.039408,19,https://cdn.sohryuu.me/videos/video_4.mp4
2025-08-10 22:35:28,404,0.035338,19,https://cdn.sohryuu.me/videos/video_1.mp4
2025-08-10 22:35:28,200,0.313581,6698,https://web-server-577176926733.us-central1.run.app/images/popular
2025-08-10 22:35:29,404,0.324243,19,https://cdn.sohryuu.me/videos/video_20.mp4
2025-08-10 22:35:30,404,0.057736,19,https://cdn.sohryuu.me/images/image_2.jpg
Day 5 completed: 100 requests generated
