Rank 1: https://web-server-577176926733.us-central1.run.app/images/trending (prob: .10758347)
Rank 2: https://web-server-577176926733.us-central1.run.app/images/popular (prob: .08606678)
Rank 3: https://web-server-577176926733.us-central1.run.app/images/general (prob: .05379173)
Rank 4: https://web-server-577176926733.us-central1.run.app/images/rare (prob: .01075834)
Rank 5: https://web-server-577176926733.us-central1.run.app/videos/tutorials (prob: .07530843)
Rank 6: https://web-server-577176926733.us-central1.run.app/videos/documentaries (prob: .04303339)
Rank 7: https://web-server-577176926733.us-central1.run.app/videos/archived (prob: .01075834)
Rank 8: https://cdn.sohryuu.me/images/image_1.jpg (prob: .06455008)
Rank 9: https://cdn.sohryuu.me/images/image_2.jpg (prob: .03227504)
Rank 10: https://cdn.sohryuu.me/images/image_3.jpg (prob: .02151669)
Rank 11: https://cdn.sohryuu.me/images/image_4.jpg (prob: .01613752)
Rank 12: https://cdn.sohryuu.me/images/image_5.jpg (prob: .01291001)
Rank 13: https://cdn.sohryuu.me/images/image_6.jpg (prob: .01075834)
Rank 14: https://cdn.sohryuu.me/images/image_7.jpg (prob: .00922143)
Rank 15: https://cdn.sohryuu.me/images/image_8.jpg (prob: .00806876)
Rank 16: https://cdn.sohryuu.me/images/image_9.jpg (prob: .00717222)
Rank 17: https://cdn.sohryuu.me/images/image_10.jpg (prob: .00645500)
Rank 18: https://cdn.sohryuu.me/images/image_11.jpg (prob: .00586818)
Rank 19: https://cdn.sohryuu.me/images/image_12.jpg (prob: .00537917)
Rank 20: https://cdn.sohryuu.me/images/image_13.jpg (prob: .00496538)
